mktextfm Arial
mktextfm Arial
mktextfm Arial
mktextfm Arial/BI
mktextfm Arial
mktextfm Arial/B
mktextfm Arial
mktextfm Arial/I
mktextfm Arial
mktextfm Arial
mktextfm Arial
mktextfm Arial
mktextfm Arial
mktextfm Arial
mktextfm Arial
mktextfm Arial
mktextfm Arial
mktextfm Arial
mktextfm Cantarel
mktextfm Cantarel
mktextfm Cantarel
mktextfm Cantarel/BI
mktextfm Cantarel
mktextfm Cantarel/B
mktextfm Cantarel
mktextfm Cantarel/I
mktextfm Cantarel
mktextfm Cantarel
mktextfm Cantarel
mktextfm Cantarel
mktextfm Cantarel
mktextfm Cantarel
mktextfm Cantarel
mktextfm Cantarel
mktextfm Cantarel
mktextfm Cantarel
